<?xml version="1.0" encoding="UTF-8"?>
<!-- Generated by org.testng.reporters.JUnitReportReporter -->
<testsuite hostname="DESKTOP-EG55F5O" failures="0" tests="10" name="api.test.DDTests" time="18.536" errors="0" timestamp="2024-06-29T20:50:42 IST" skipped="0">
  <testcase classname="api.test.DDTests" name="testPostuser" time="1.600"/>
  <testcase classname="api.test.DDTests" name="testPostuser" time="1.577"/>
  <testcase classname="api.test.DDTests" name="testPostuser" time="1.601"/>
  <testcase classname="api.test.DDTests" name="testPostuser" time="1.598"/>
  <testcase classname="api.test.DDTests" name="testPostuser" time="3.922"/>
  <testcase classname="api.test.DDTests" name="testDeleteUserByName" time="1.598"/>
  <testcase classname="api.test.DDTests" name="testDeleteUserByName" time="1.596"/>
  <testcase classname="api.test.DDTests" name="testDeleteUserByName" time="1.600"/>
  <testcase classname="api.test.DDTests" name="testDeleteUserByName" time="1.599"/>
  <testcase classname="api.test.DDTests" name="testDeleteUserByName" time="1.845"/>
</testsuite> <!-- api.test.DDTests -->
