<?xml version="1.0" encoding="UTF-8"?>
<!-- Generated by org.testng.reporters.JUnitReportReporter -->
<testsuite hostname="DESKTOP-EG55F5O" failures="0" tests="4" name="api.test.UserTests2" time="12.090" errors="0" timestamp="2024-06-30T16:59:38 IST" skipped="0">
  <testcase classname="api.test.UserTests2" name="testPostUser" time="4.535"/>
  <testcase classname="api.test.UserTests2" name="testGetUserByName" time="1.696"/>
  <testcase classname="api.test.UserTests2" name="testUpdateUserByName" time="3.602"/>
  <testcase classname="api.test.UserTests2" name="testDeleteUserByName" time="2.257"/>
</testsuite> <!-- api.test.UserTests2 -->
