<?xml version="1.0" encoding="UTF-8"?>
<!-- Generated by org.testng.reporters.JUnitReportReporter -->
<testsuite hostname="DESKTOP-EG55F5O" failures="0" tests="4" name="api.test.UserTests" time="10.934" errors="0" timestamp="2024-06-30T12:46:14 IST" skipped="0">
  <testcase classname="api.test.UserTests" name="testPostUser" time="4.616"/>
  <testcase classname="api.test.UserTests" name="testGetUserByName" time="1.506"/>
  <testcase classname="api.test.UserTests" name="testUpdateUserByName" time="3.212"/>
  <testcase classname="api.test.UserTests" name="testDeleteUserByName" time="1.600"/>
</testsuite> <!-- api.test.UserTests -->
