<?xml version="1.0" encoding="UTF-8"?>
<!-- Generated by org.testng.reporters.JUnitReportReporter -->
<testsuite hostname="DESKTOP-EG55F5O" failures="0" tests="10" name="api.test.DDTests" time="23.244" errors="0" timestamp="2024-06-30T17:40:33 IST" skipped="0">
  <testcase classname="api.test.DDTests" name="testPostuser" time="2.214"/>
  <testcase classname="api.test.DDTests" name="testPostuser" time="4.152"/>
  <testcase classname="api.test.DDTests" name="testPostuser" time="2.214"/>
  <testcase classname="api.test.DDTests" name="testPostuser" time="1.919"/>
  <testcase classname="api.test.DDTests" name="testPostuser" time="2.264"/>
  <testcase classname="api.test.DDTests" name="testDeleteUserByName" time="2.236"/>
  <testcase classname="api.test.DDTests" name="testDeleteUserByName" time="1.916"/>
  <testcase classname="api.test.DDTests" name="testDeleteUserByName" time="1.954"/>
  <testcase classname="api.test.DDTests" name="testDeleteUserByName" time="2.167"/>
  <testcase classname="api.test.DDTests" name="testDeleteUserByName" time="2.208"/>
</testsuite> <!-- api.test.DDTests -->
