<?xml version="1.0" encoding="UTF-8"?>
<!-- Generated by org.testng.reporters.JUnitReportReporter -->
<testsuite hostname="DESKTOP-EG55F5O" failures="0" tests="4" name="api.test.UserTests" time="10.442" errors="0" timestamp="2024-06-30T17:40:33 IST" skipped="0">
  <testcase classname="api.test.UserTests" name="testPostUser" time="1.834"/>
  <testcase classname="api.test.UserTests" name="testGetUserByName" time="1.904"/>
  <testcase classname="api.test.UserTests" name="testUpdateUserByName" time="4.081"/>
  <testcase classname="api.test.UserTests" name="testDeleteUserByName" time="2.623"/>
</testsuite> <!-- api.test.UserTests -->
